<?xml version="1.0" encoding="UTF-8"?>
<testng-results ignored="0" total="1" passed="1" failed="0" skipped="0">
  <reporter-output>
  </reporter-output>
  <suite started-at="2023-10-13T14:04:39 CEST" name="All Test Suite" finished-at="2023-10-13T14:06:01 CEST" duration-ms="82803">
    <groups>
      <group name="Smoke">
        <method signature="BoostrapAlertsTest.boostrapAlert_Click_Success_Should_Show_Message(java.lang.String)[pri:1, instance:TestComponents.BasicTests.BoostrapAlertsTest@6b81ce95]" name="boostrapAlert_Click_Success_Should_Show_Message" class="TestComponents.BasicTests.BoostrapAlertsTest"/>
      </group> <!-- Smoke -->
    </groups>
    <test started-at="2023-10-13T14:04:39 CEST" name="test" finished-at="2023-10-13T14:06:01 CEST" duration-ms="82803">
      <class name="TestComponents.BasicTests.BoostrapAlertsTest">
        <test-method is-config="true" signature="setUp()[pri:0, instance:TestComponents.BasicTests.BoostrapAlertsTest@6b81ce95]" started-at="2023-10-13T14:04:46 CEST" name="setUp" finished-at="2023-10-13T14:05:56 CEST" duration-ms="70151" status="PASS">
          <reporter-output>
          </reporter-output>
        </test-method> <!-- setUp -->
        <test-method signature="boostrapAlert_Click_Success_Should_Show_Message(java.lang.String)[pri:1, instance:TestComponents.BasicTests.BoostrapAlertsTest@6b81ce95]" started-at="2023-10-13T14:05:56 CEST" name="boostrapAlert_Click_Success_Should_Show_Message" description="boostrapAlertSuccess" data-provider="TestData" finished-at="2023-10-13T14:06:01 CEST" duration-ms="5173" status="PASS">
          <params>
            <param index="0">
              <value>
                <![CDATA[×
I'm a normal success message. To close use the appropriate button.]]>
              </value>
            </param>
          </params>
          <reporter-output>
          </reporter-output>
        </test-method> <!-- boostrapAlert_Click_Success_Should_Show_Message -->
        <test-method is-config="true" signature="tearDown()[pri:0, instance:TestComponents.BasicTests.BoostrapAlertsTest@6b81ce95]" started-at="2023-10-13T14:06:01 CEST" name="tearDown" finished-at="2023-10-13T14:06:01 CEST" duration-ms="537" status="PASS">
          <reporter-output>
          </reporter-output>
        </test-method> <!-- tearDown -->
      </class> <!-- TestComponents.BasicTests.BoostrapAlertsTest -->
    </test> <!-- test -->
  </suite> <!-- All Test Suite -->
</testng-results>
