<?xml version="1.0" encoding="UTF-8"?>
<testsuite xmlns:xsi="http://www.w3.org/2001/XMLSchema-instance" xsi:noNamespaceSchemaLocation="https://maven.apache.org/surefire/maven-surefire-plugin/xsd/surefire-test-report-3.0.xsd" version="3.0" name="TestSuite" time="43.52" tests="5" errors="0" skipped="0" failures="1">
  <properties>
[...]
</properties>
  <testcase name="singleInput_Enter_Data_Should_Show_Message[Mateusz, Mateusz](1)" classname="TestComponents.BasicTests.SimpleFormDemoTest" time="2.003">
    <system-out><![CDATA[15:52:24.000 [TestNG-suites-1] INFO  Util.LoggerUtil - Tests started
15:52:24.893 [TestNG-suites-1] INFO  Util.LoggerUtil - Read src/test/java/TestData/BasicTestsData/SimpleFormDemoData.xlsx data
15:52:24.940 [TestNG-suites-1] INFO  Util.LoggerUtil - Get browser value
15:52:24.941 [TestNG-suites-1] INFO  Util.LoggerUtil - Get url value
15:52:25.424 [TestNG-suites-1] INFO  Util.LoggerUtil - Get headless value
15:52:33.314 [TestNG-suites-1] INFO  Util.LoggerUtil - Initializing driver
15:52:33.318 [TestNG-suites-1] INFO  Util.LoggerUtil - Get author value
15:52:33.632 [TestNG-suites-1] INFO  Util.LoggerUtil - Test singleInput_Enter_Data_Should_Show_Message Started
15:52:33.909 [TestNG-suites-1] INFO  Util.LoggerUtil - Wait for [[[ChromeDriver: chrome on windows (aa39c50ef09c77a6c7be3a7bb3ca2ef4)] -> css selector: #myTab a], [[ChromeDriver: chrome on windows (aa39c50ef09c77a6c7be3a7bb3ca2ef4)] -> css selector: #myTab a], [[ChromeDriver: chrome on windows (aa39c50ef09c77a6c7be3a7bb3ca2ef4)] -> css selector: #myTab a], [[ChromeDriver: chrome on windows (aa39c50ef09c77a6c7be3a7bb3ca2ef4)] -> css selector: #myTab a], [[ChromeDriver: chrome on windows (aa39c50ef09c77a6c7be3a7bb3ca2ef4)] -> css selector: #myTab a]] to be visible
15:52:33.991 [TestNG-suites-1] INFO  Util.LoggerUtil - Chose basic_example level
15:52:34.603 [TestNG-suites-1] INFO  Util.LoggerUtil - Wait for [[ChromeDriver: chrome on windows (aa39c50ef09c77a6c7be3a7bb3ca2ef4)] -> css selector: .active.in .list-group] to be visible
15:52:35.176 [TestNG-suites-1] INFO  Util.LoggerUtil - Chose Simple Form Demo exercise
15:52:35.317 [TestNG-suites-1] INFO  Util.LoggerUtil - Test singleInput_Enter_Data_Should_Show_Message Passed
15:52:35.318 [TestNG-suites-1] INFO  Util.LoggerUtil - Get screenshotOnSuccess value
]]></system-out>
    <system-err><![CDATA[SLF4J: No SLF4J providers were found.
SLF4J: Defaulting to no-operation (NOP) logger implementation
SLF4J: See https://www.slf4j.org/codes.html#noProviders for further details.
]]></system-err>
  </testcase>
  <testcase name="singleInput_Enter_Data_Should_Show_Message[Adrian, Adrian](2)" classname="TestComponents.BasicTests.SimpleFormDemoTest" time="1.509">
    <system-out><![CDATA[15:52:35.553 [TestNG-suites-1] INFO  Util.LoggerUtil - Driver tear down
15:52:35.556 [TestNG-suites-1] INFO  Util.LoggerUtil - Get browser value
15:52:35.557 [TestNG-suites-1] INFO  Util.LoggerUtil - Get url value
15:52:35.653 [TestNG-suites-1] INFO  Util.LoggerUtil - Get headless value
15:52:40.949 [TestNG-suites-1] INFO  Util.LoggerUtil - Initializing driver
15:52:40.950 [TestNG-suites-1] INFO  Util.LoggerUtil - Get author value
15:52:40.951 [TestNG-suites-1] INFO  Util.LoggerUtil - Test singleInput_Enter_Data_Should_Show_Message Started
15:52:41.035 [TestNG-suites-1] INFO  Util.LoggerUtil - Wait for [[[ChromeDriver: chrome on windows (b2517594e6f74d96c52435f08c606d21)] -> css selector: #myTab a], [[ChromeDriver: chrome on windows (b2517594e6f74d96c52435f08c606d21)] -> css selector: #myTab a], [[ChromeDriver: chrome on windows (b2517594e6f74d96c52435f08c606d21)] -> css selector: #myTab a], [[ChromeDriver: chrome on windows (b2517594e6f74d96c52435f08c606d21)] -> css selector: #myTab a], [[ChromeDriver: chrome on windows (b2517594e6f74d96c52435f08c606d21)] -> css selector: #myTab a]] to be visible
15:52:41.107 [TestNG-suites-1] INFO  Util.LoggerUtil - Chose basic_example level
15:52:41.690 [TestNG-suites-1] INFO  Util.LoggerUtil - Wait for [[ChromeDriver: chrome on windows (b2517594e6f74d96c52435f08c606d21)] -> css selector: .active.in .list-group] to be visible
15:52:42.331 [TestNG-suites-1] INFO  Util.LoggerUtil - Chose Simple Form Demo exercise
15:52:42.461 [TestNG-suites-1] INFO  Util.LoggerUtil - Test singleInput_Enter_Data_Should_Show_Message Passed
15:52:42.461 [TestNG-suites-1] INFO  Util.LoggerUtil - Get screenshotOnSuccess value
]]></system-out>
    <system-err><![CDATA[paź 16, 2023 3:52:35 PM org.openqa.selenium.remote.http.WebSocket$Listener onError
WARNING: Connection reset
java.net.SocketException: Connection reset
	at java.base/sun.nio.ch.SocketChannelImpl.throwConnectionReset(SocketChannelImpl.java:394)
	at java.base/sun.nio.ch.SocketChannelImpl.read(SocketChannelImpl.java:426)
	at io.netty.buffer.PooledByteBuf.setBytes(PooledByteBuf.java:254)
	at io.netty.buffer.AbstractByteBuf.writeBytes(AbstractByteBuf.java:1132)
	at io.netty.channel.socket.nio.NioSocketChannel.doReadBytes(NioSocketChannel.java:357)
	at io.netty.channel.nio.AbstractNioByteChannel$NioByteUnsafe.read(AbstractNioByteChannel.java:151)
	at io.netty.channel.nio.NioEventLoop.processSelectedKey(NioEventLoop.java:788)
	at io.netty.channel.nio.NioEventLoop.processSelectedKeysOptimized(NioEventLoop.java:724)
	at io.netty.channel.nio.NioEventLoop.processSelectedKeys(NioEventLoop.java:650)
	at io.netty.channel.nio.NioEventLoop.run(NioEventLoop.java:562)
	at io.netty.util.concurrent.SingleThreadEventExecutor$4.run(SingleThreadEventExecutor.java:997)
	at io.netty.util.internal.ThreadExecutorMap$2.run(ThreadExecutorMap.java:74)
	at io.netty.util.concurrent.FastThreadLocalRunnable.run(FastThreadLocalRunnable.java:30)
	at java.base/java.lang.Thread.run(Thread.java:833)

]]></system-err>
  </testcase>
  <testcase name="singleInput_Enter_Data_Should_Show_Message[18, 18](3)" classname="TestComponents.BasicTests.SimpleFormDemoTest" time="1.325">
    <system-out><![CDATA[15:52:42.730 [TestNG-suites-1] INFO  Util.LoggerUtil - Driver tear down
15:52:42.734 [TestNG-suites-1] INFO  Util.LoggerUtil - Get browser value
15:52:42.735 [TestNG-suites-1] INFO  Util.LoggerUtil - Get url value
15:52:42.822 [TestNG-suites-1] INFO  Util.LoggerUtil - Get headless value
15:52:48.708 [TestNG-suites-1] INFO  Util.LoggerUtil - Initializing driver
15:52:48.709 [TestNG-suites-1] INFO  Util.LoggerUtil - Get author value
15:52:48.711 [TestNG-suites-1] INFO  Util.LoggerUtil - Test singleInput_Enter_Data_Should_Show_Message Started
15:52:48.812 [TestNG-suites-1] INFO  Util.LoggerUtil - Wait for [[[ChromeDriver: chrome on windows (bebed1187f6ac0eacf8ac4060597d113)] -> css selector: #myTab a], [[ChromeDriver: chrome on windows (bebed1187f6ac0eacf8ac4060597d113)] -> css selector: #myTab a], [[ChromeDriver: chrome on windows (bebed1187f6ac0eacf8ac4060597d113)] -> css selector: #myTab a], [[ChromeDriver: chrome on windows (bebed1187f6ac0eacf8ac4060597d113)] -> css selector: #myTab a], [[ChromeDriver: chrome on windows (bebed1187f6ac0eacf8ac4060597d113)] -> css selector: #myTab a]] to be visible
15:52:48.888 [TestNG-suites-1] INFO  Util.LoggerUtil - Chose basic_example level
15:52:49.468 [TestNG-suites-1] INFO  Util.LoggerUtil - Wait for [[ChromeDriver: chrome on windows (bebed1187f6ac0eacf8ac4060597d113)] -> css selector: .active.in .list-group] to be visible
15:52:49.916 [TestNG-suites-1] INFO  Util.LoggerUtil - Chose Simple Form Demo exercise
15:52:50.032 [TestNG-suites-1] INFO  Util.LoggerUtil - Test singleInput_Enter_Data_Should_Show_Message Passed
15:52:50.033 [TestNG-suites-1] INFO  Util.LoggerUtil - Get screenshotOnSuccess value
]]></system-out>
  </testcase>
  <testcase name="singleInput_Enter_Data_Should_Show_Message[d1, d1](4)" classname="TestComponents.BasicTests.SimpleFormDemoTest" time="1.781">
    <system-out><![CDATA[15:52:50.493 [TestNG-suites-1] INFO  Util.LoggerUtil - Driver tear down
15:52:50.495 [TestNG-suites-1] INFO  Util.LoggerUtil - Get browser value
15:52:50.495 [TestNG-suites-1] INFO  Util.LoggerUtil - Get url value
15:52:50.535 [TestNG-suites-1] INFO  Util.LoggerUtil - Get headless value
15:52:55.752 [TestNG-suites-1] INFO  Util.LoggerUtil - Initializing driver
15:52:55.753 [TestNG-suites-1] INFO  Util.LoggerUtil - Get author value
15:52:55.753 [TestNG-suites-1] INFO  Util.LoggerUtil - Test singleInput_Enter_Data_Should_Show_Message Started
15:52:55.846 [TestNG-suites-1] INFO  Util.LoggerUtil - Wait for [[[ChromeDriver: chrome on windows (797784b626e9e0823420f9ae8e386b34)] -> css selector: #myTab a], [[ChromeDriver: chrome on windows (797784b626e9e0823420f9ae8e386b34)] -> css selector: #myTab a], [[ChromeDriver: chrome on windows (797784b626e9e0823420f9ae8e386b34)] -> css selector: #myTab a], [[ChromeDriver: chrome on windows (797784b626e9e0823420f9ae8e386b34)] -> css selector: #myTab a], [[ChromeDriver: chrome on windows (797784b626e9e0823420f9ae8e386b34)] -> css selector: #myTab a]] to be visible
15:52:55.939 [TestNG-suites-1] INFO  Util.LoggerUtil - Chose basic_example level
15:52:56.537 [TestNG-suites-1] INFO  Util.LoggerUtil - Wait for [[ChromeDriver: chrome on windows (797784b626e9e0823420f9ae8e386b34)] -> css selector: .active.in .list-group] to be visible
15:52:57.404 [TestNG-suites-1] INFO  Util.LoggerUtil - Chose Simple Form Demo exercise
15:52:57.523 [TestNG-suites-1] INFO  Util.LoggerUtil - Test singleInput_Enter_Data_Should_Show_Message Passed
15:52:57.524 [TestNG-suites-1] INFO  Util.LoggerUtil - Get screenshotOnSuccess value
]]></system-out>
  </testcase>
  <testcase name="singleInput_Enter_Data_Should_Show_Message[Faile, Failed for Raport Purpoose](5)" classname="TestComponents.BasicTests.SimpleFormDemoTest" time="2.02">
    <failure message="expected [Failed for Raport Purpoose] but found [Faile]" type="java.lang.AssertionError"><![CDATA[java.lang.AssertionError: expected [Failed for Raport Purpoose] but found [Faile]
	at org.testng.Assert.fail(Assert.java:111)
	at org.testng.Assert.failNotEquals(Assert.java:1578)
	at org.testng.Assert.assertEqualsImpl(Assert.java:150)
	at org.testng.Assert.assertEquals(Assert.java:132)
	at org.testng.Assert.assertEquals(Assert.java:656)
	at org.testng.Assert.assertEquals(Assert.java:666)
	at TestComponents.BasicTests.SimpleFormDemoTest.singleInput_Enter_Data_Should_Show_Message(SimpleFormDemoTest.java:27)
	at java.base/jdk.internal.reflect.NativeMethodAccessorImpl.invoke0(Native Method)
	at java.base/jdk.internal.reflect.NativeMethodAccessorImpl.invoke(NativeMethodAccessorImpl.java:77)
	at java.base/jdk.internal.reflect.DelegatingMethodAccessorImpl.invoke(DelegatingMethodAccessorImpl.java:43)
	at java.base/java.lang.reflect.Method.invoke(Method.java:568)
	at org.testng.internal.invokers.MethodInvocationHelper.invokeMethod(MethodInvocationHelper.java:139)
	at org.testng.internal.invokers.TestInvoker.invokeMethod(TestInvoker.java:664)
	at org.testng.internal.invokers.TestInvoker.invokeTestMethod(TestInvoker.java:227)
	at org.testng.internal.invokers.MethodRunner.runInSequence(MethodRunner.java:50)
	at org.testng.internal.invokers.TestInvoker$MethodInvocationAgent.invoke(TestInvoker.java:957)
	at org.testng.internal.invokers.TestInvoker.invokeTestMethods(TestInvoker.java:200)
	at org.testng.internal.invokers.TestMethodWorker.invokeTestMethods(TestMethodWorker.java:148)
	at org.testng.internal.invokers.TestMethodWorker.run(TestMethodWorker.java:128)
	at java.base/java.util.ArrayList.forEach(ArrayList.java:1511)
	at org.testng.TestRunner.privateRun(TestRunner.java:848)
	at org.testng.TestRunner.run(TestRunner.java:621)
	at org.testng.SuiteRunner.runTest(SuiteRunner.java:443)
	at org.testng.SuiteRunner.runSequentially(SuiteRunner.java:437)
	at org.testng.SuiteRunner.privateRun(SuiteRunner.java:397)
	at org.testng.SuiteRunner.run(SuiteRunner.java:336)
	at org.testng.SuiteRunnerWorker.runSuite(SuiteRunnerWorker.java:52)
	at org.testng.SuiteRunnerWorker.run(SuiteRunnerWorker.java:95)
	at java.base/java.util.concurrent.ThreadPoolExecutor.runWorker(ThreadPoolExecutor.java:1136)
	at java.base/java.util.concurrent.ThreadPoolExecutor$Worker.run(ThreadPoolExecutor.java:635)
	at java.base/java.lang.Thread.run(Thread.java:833)
]]></failure>
    <system-out><![CDATA[15:52:57.750 [TestNG-suites-1] INFO  Util.LoggerUtil - Driver tear down
15:52:57.752 [TestNG-suites-1] INFO  Util.LoggerUtil - Get browser value
15:52:57.753 [TestNG-suites-1] INFO  Util.LoggerUtil - Get url value
15:52:57.815 [TestNG-suites-1] INFO  Util.LoggerUtil - Get headless value
15:53:03.030 [TestNG-suites-1] INFO  Util.LoggerUtil - Initializing driver
15:53:03.033 [TestNG-suites-1] INFO  Util.LoggerUtil - Get author value
15:53:03.034 [TestNG-suites-1] INFO  Util.LoggerUtil - Test singleInput_Enter_Data_Should_Show_Message Started
15:53:03.108 [TestNG-suites-1] INFO  Util.LoggerUtil - Wait for [[[ChromeDriver: chrome on windows (c4c4e5dfc02ee3e37acbf3a36883f67d)] -> css selector: #myTab a], [[ChromeDriver: chrome on windows (c4c4e5dfc02ee3e37acbf3a36883f67d)] -> css selector: #myTab a], [[ChromeDriver: chrome on windows (c4c4e5dfc02ee3e37acbf3a36883f67d)] -> css selector: #myTab a], [[ChromeDriver: chrome on windows (c4c4e5dfc02ee3e37acbf3a36883f67d)] -> css selector: #myTab a], [[ChromeDriver: chrome on windows (c4c4e5dfc02ee3e37acbf3a36883f67d)] -> css selector: #myTab a]] to be visible
15:53:03.189 [TestNG-suites-1] INFO  Util.LoggerUtil - Chose basic_example level
15:53:03.779 [TestNG-suites-1] INFO  Util.LoggerUtil - Wait for [[ChromeDriver: chrome on windows (c4c4e5dfc02ee3e37acbf3a36883f67d)] -> css selector: .active.in .list-group] to be visible
15:53:04.602 [TestNG-suites-1] INFO  Util.LoggerUtil - Chose Simple Form Demo exercise
15:53:04.731 [TestNG-suites-1] ERROR Util.LoggerUtil - Test singleInput_Enter_Data_Should_Show_Message failed
15:53:04.731 [TestNG-suites-1] INFO  Util.LoggerUtil - Get screenshotOnFail value
15:53:05.048 [TestNG-suites-1] INFO  Util.LoggerUtil - Capture singleInput_Enter_Data_Should_Show_Message screenshot
]]></system-out>
  </testcase>
</testsuite>