<?xml version="1.0" encoding="UTF-8"?>
<testsuite xmlns:xsi="http://www.w3.org/2001/XMLSchema-instance" xsi:noNamespaceSchemaLocation="https://maven.apache.org/surefire/maven-surefire-plugin/xsd/surefire-test-report-3.0.xsd" version="3.0" name="TestSuite" time="85.297" tests="1" errors="0" skipped="0" failures="0">
  <properties>
[...]
</properties>
  <testcase name="boostrapAlert_Click_Success_Should_Show_Message[×&#10;I&apos;m a normal success message. To close use the appropriate button.](1)" classname="TestComponents.BasicTests.BoostrapAlertsTest" time="5.17">
    <system-out><![CDATA[14:04:45.939 [TestNG-test=test-1] INFO  Util.LoggerUtil - Read src/test/java/TestData/BasicTestsData/BoostrapAlertsData.xlsx data
14:04:46.045 [TestNG-test=test-1] INFO  Util.LoggerUtil - Get browser value
14:04:46.045 [TestNG-test=test-1] INFO  Util.LoggerUtil - Get url value
14:04:53.778 [TestNG-test=test-1] INFO  Util.LoggerUtil - Get headless value
14:05:56.162 [TestNG-test=test-1] INFO  Util.LoggerUtil - Initializing driver
14:05:57.965 [TestNG-test=test-1] INFO  Util.LoggerUtil - Wait for [[[ChromeDriver: chrome on windows (5f2bf9e306a488a4cb1135dbd7f31ad4)] -> css selector: #myTab a], [[ChromeDriver: chrome on windows (5f2bf9e306a488a4cb1135dbd7f31ad4)] -> css selector: #myTab a], [[ChromeDriver: chrome on windows (5f2bf9e306a488a4cb1135dbd7f31ad4)] -> css selector: #myTab a], [[ChromeDriver: chrome on windows (5f2bf9e306a488a4cb1135dbd7f31ad4)] -> css selector: #myTab a], [[ChromeDriver: chrome on windows (5f2bf9e306a488a4cb1135dbd7f31ad4)] -> css selector: #myTab a]] to be visible
14:05:59.004 [TestNG-test=test-1] INFO  Util.LoggerUtil - Chose basic_example level
14:05:59.342 [TestNG-test=test-1] INFO  Util.LoggerUtil - Wait for [[[ChromeDriver: chrome on windows (5f2bf9e306a488a4cb1135dbd7f31ad4)] -> css selector: #basic .list-group a], [[ChromeDriver: chrome on windows (5f2bf9e306a488a4cb1135dbd7f31ad4)] -> css selector: #basic .list-group a], [[ChromeDriver: chrome on windows (5f2bf9e306a488a4cb1135dbd7f31ad4)] -> css selector: #basic .list-group a], [[ChromeDriver: chrome on windows (5f2bf9e306a488a4cb1135dbd7f31ad4)] -> css selector: #basic .list-group a], [[ChromeDriver: chrome on windows (5f2bf9e306a488a4cb1135dbd7f31ad4)] -> css selector: #basic .list-group a], [[ChromeDriver: chrome on windows (5f2bf9e306a488a4cb1135dbd7f31ad4)] -> css selector: #basic .list-group a], [[ChromeDriver: chrome on windows (5f2bf9e306a488a4cb1135dbd7f31ad4)] -> css selector: #basic .list-group a], [[ChromeDriver: chrome on windows (5f2bf9e306a488a4cb1135dbd7f31ad4)] -> css selector: #basic .list-group a]] to be visible
14:06:00.830 [TestNG-test=test-1] INFO  Util.LoggerUtil - Chose Bootstrap Alerts exercise
]]></system-out>
    <system-err><![CDATA[SLF4J: No SLF4J providers were found.
SLF4J: Defaulting to no-operation (NOP) logger implementation
SLF4J: See https://www.slf4j.org/codes.html#noProviders for further details.
]]></system-err>
  </testcase>
</testsuite>