<?xml version="1.0" encoding="UTF-8"?>
<!-- Generated by org.testng.reporters.JUnitXMLReporter -->
<testsuite ignored="0" hostname="DESKTOP-HU880DN" failures="2" tests="41" name="Regression" time="375.607" errors="0" timestamp="2023-09-30T20:15:02 CEST">
  <testcase classname="TestComponents.BasicTests.BoostrapAlertsTest" name="boostrapAlert_Click_AutoDanger_Should_Show_Message_And_Disappear" time="9.377"/>
  <testcase classname="TestComponents.BasicTests.BoostrapAlertsTest" name="boostrapAlert_Click_AutoInfo_Should_Show_Message_And_Disappear" time="8.458"/>
  <testcase classname="TestComponents.BasicTests.BoostrapAlertsTest" name="boostrapAlert_Click_AutoSuccess_Should_Show_Message_And_Disappear" time="7.573"/>
  <testcase classname="TestComponents.BasicTests.BoostrapAlertsTest" name="boostrapAlert_Click_AutoWarning_Should_Show_Message_And_Disappear" time="5.361"/>
  <testcase classname="TestComponents.BasicTests.BoostrapAlertsTest" name="boostrapAlert_Click_Danger_Should_Show_Message_And_Disappear" time="1.683"/>
  <testcase classname="TestComponents.BasicTests.BoostrapAlertsTest" name="boostrapAlert_Click_Info_Should_Show_Message" time="1.769"/>
  <testcase classname="TestComponents.BasicTests.BoostrapAlertsTest" name="boostrapAlert_Click_Success_Should_Show_Message" time="2.18"/>
  <testcase classname="TestComponents.BasicTests.BoostrapAlertsTest" name="boostrapAlert_Click_Warning_Should_Show_Message" time="1.626"/>
  <testcase classname="TestComponents.BasicTests.BoostrapModalsTest" name="multiModal_Click_Should_Show_Message_And_Disappear" time="2.901"/>
  <testcase classname="TestComponents.BasicTests.BoostrapModalsTest" name="multiModal_Lunch_Click_Should_Show_Message_And_Disappear" time="3.923"/>
  <testcase classname="TestComponents.BasicTests.BoostrapModalsTest" name="singelModal_Click_Should_Show_Message_And_Disappear" time="2.679"/>
  <testcase classname="TestComponents.BasicTests.CheckboxDemoTest" name="checkBoxChecked_CLick_Should_Unchecked_Checkbox" time="2.415"/>
  <testcase classname="TestComponents.BasicTests.CheckboxDemoTest" name="checkBoxChecked_DoubleCLick_Should_Check_Checkbox" time="1.786"/>
  <testcase classname="TestComponents.BasicTests.CheckboxDemoTest" name="checkBoxDisable_Should_Be_Disable" time="2.357"/>
  <testcase classname="TestComponents.BasicTests.CheckboxDemoTest" name="checkBox_CLick_Should_Show_Message" time="1.648"/>
  <testcase classname="TestComponents.BasicTests.CheckboxDemoTest" name="checkBox_DoubleCLick_Should_Hide_Message" time="1.743"/>
  <testcase classname="TestComponents.BasicTests.CheckboxDemoTest" name="multipleCheckBox_Check_All_Should_Change_Button_Name_And_CheckAll" time="1.855"/>
  <testcase classname="TestComponents.BasicTests.CheckboxDemoTest" name="multipleCheckBox_Click_MultipleCheckBoxAllButton_Should_Change_Button_Name_And_CheckAll" time="2.454"/>
  <testcase classname="TestComponents.BasicTests.CheckboxDemoTest" name="multipleCheckBox_Click_UncheckAll_Should_Change_Button_Name_And_UncheckAll" time="2.273"/>
  <testcase classname="TestComponents.BasicTests.JavaScriptAlertsTest" name="alertBox_Click_Should_ShowAlertMessage_And_Accept" time="1.951"/>
  <testcase classname="TestComponents.BasicTests.JavaScriptAlertsTest" name="confirmBox_Click_Should_Show_ConfirmMessage_And_Accept" time="1.329"/>
  <testcase classname="TestComponents.BasicTests.JavaScriptAlertsTest" name="confirmBox_Click_Should_Show_ConfirmMessage_And_Dismiss" time="2.386"/>
  <testcase classname="TestComponents.BasicTests.JavaScriptAlertsTest" name="promptBox_Click_Enter_Value_Should_Show_Message" time="1.406"/>
  <testcase classname="TestComponents.BasicTests.RadioButtonsDemoTest" name="groupRadioButton_ClickBoth_Should_Show_Message" time="1.725"/>
  <testcase classname="TestComponents.BasicTests.RadioButtonsDemoTest" name="groupRadioButton_ClickOnlyAge_Should_Show_Message" time="1.434"/>
  <testcase classname="TestComponents.BasicTests.RadioButtonsDemoTest" name="groupRadioButton_ClickOnlySex_Should_Show_Message" time="2.017"/>
  <testcase classname="TestComponents.BasicTests.RadioButtonsDemoTest" name="radioButton_ButtonClick_Should_Show_Message" time="1.48"/>
  <testcase classname="TestComponents.BasicTests.RadioButtonsDemoTest" name="radioButton_NoButtonClick_Should_Show_Message" time="1.434"/>
  <testcase classname="TestComponents.BasicTests.SelectDropdownListDemoTest" name="multiSelect_SelectAllValues_Should_Show_All_Message" time="3.486">
    <skipped/>
  </testcase> <!-- multiSelect_SelectAllValues_Should_Show_All_Message -->
  <testcase classname="TestComponents.BasicTests.SelectDropdownListDemoTest" name="multiSelect_SelectAllValues_Should_Show_All_Message" time="3.372">
    <failure type="java.lang.AssertionError" message="expected [Options selected are : California,Florida,New Jersey,New York,Ohio,Texas,Pennsylvania,Washington] but found [Options selected are : Florida,New Jersey,New York,Ohio,Texas,Pennsylvania,Washington]">
      <![CDATA[java.lang.AssertionError: expected [Options selected are : California,Florida,New Jersey,New York,Ohio,Texas,Pennsylvania,Washington] but found [Options selected are : Florida,New Jersey,New York,Ohio,Texas,Pennsylvania,Washington]
at org.testng.Assert.fail(Assert.java:111)
at org.testng.Assert.failNotEquals(Assert.java:1578)
at org.testng.Assert.assertEqualsImpl(Assert.java:150)
at org.testng.Assert.assertEquals(Assert.java:132)
at org.testng.Assert.assertEquals(Assert.java:656)
at org.testng.Assert.assertEquals(Assert.java:666)
at TestComponents.BasicTests.SelectDropdownListDemoTest.multiSelect_SelectAllValues_Should_Show_All_Message(SelectDropdownListDemoTest.java:50)
at java.base/jdk.internal.reflect.NativeMethodAccessorImpl.invoke0(Native Method)
at java.base/jdk.internal.reflect.NativeMethodAccessorImpl.invoke(NativeMethodAccessorImpl.java:77)
at java.base/jdk.internal.reflect.DelegatingMethodAccessorImpl.invoke(DelegatingMethodAccessorImpl.java:43)
at java.base/java.lang.reflect.Method.invoke(Method.java:568)
at org.testng.internal.invokers.MethodInvocationHelper.invokeMethod(MethodInvocationHelper.java:139)
at org.testng.internal.invokers.TestInvoker.invokeMethod(TestInvoker.java:664)
at org.testng.internal.invokers.TestInvoker.retryFailed(TestInvoker.java:248)
at org.testng.internal.invokers.MethodRunner.runInSequence(MethodRunner.java:62)
at org.testng.internal.invokers.TestInvoker$MethodInvocationAgent.invoke(TestInvoker.java:957)
at org.testng.internal.invokers.TestInvoker.invokeTestMethods(TestInvoker.java:200)
at org.testng.internal.invokers.TestMethodWorker.invokeTestMethods(TestMethodWorker.java:148)
at org.testng.internal.invokers.TestMethodWorker.run(TestMethodWorker.java:128)
at java.base/java.util.concurrent.ThreadPoolExecutor.runWorker(ThreadPoolExecutor.java:1136)
at java.base/java.util.concurrent.ThreadPoolExecutor$Worker.run(ThreadPoolExecutor.java:635)
at java.base/java.lang.Thread.run(Thread.java:833)
]]>
    </failure>
  </testcase> <!-- multiSelect_SelectAllValues_Should_Show_All_Message -->
  <testcase classname="TestComponents.BasicTests.SelectDropdownListDemoTest" name="multiSelect_SelectFirstSelectedValue_Should_Show_First_Message" time="2.921">
    <failure type="java.lang.AssertionError" message="expected [First selected option is : California] but found [First selected option is : Florida]">
      <![CDATA[java.lang.AssertionError: expected [First selected option is : California] but found [First selected option is : Florida]
at org.testng.Assert.fail(Assert.java:111)
at org.testng.Assert.failNotEquals(Assert.java:1578)
at org.testng.Assert.assertEqualsImpl(Assert.java:150)
at org.testng.Assert.assertEquals(Assert.java:132)
at org.testng.Assert.assertEquals(Assert.java:656)
at org.testng.Assert.assertEquals(Assert.java:666)
at TestComponents.BasicTests.SelectDropdownListDemoTest.multiSelect_SelectFirstSelectedValue_Should_Show_First_Message(SelectDropdownListDemoTest.java:65)
at java.base/jdk.internal.reflect.NativeMethodAccessorImpl.invoke0(Native Method)
at java.base/jdk.internal.reflect.NativeMethodAccessorImpl.invoke(NativeMethodAccessorImpl.java:77)
at java.base/jdk.internal.reflect.DelegatingMethodAccessorImpl.invoke(DelegatingMethodAccessorImpl.java:43)
at java.base/java.lang.reflect.Method.invoke(Method.java:568)
at org.testng.internal.invokers.MethodInvocationHelper.invokeMethod(MethodInvocationHelper.java:139)
at org.testng.internal.invokers.TestInvoker.invokeMethod(TestInvoker.java:664)
at org.testng.internal.invokers.TestInvoker.invokeTestMethod(TestInvoker.java:227)
at org.testng.internal.invokers.MethodRunner.runInSequence(MethodRunner.java:50)
at org.testng.internal.invokers.TestInvoker$MethodInvocationAgent.invoke(TestInvoker.java:957)
at org.testng.internal.invokers.TestInvoker.invokeTestMethods(TestInvoker.java:200)
at org.testng.internal.invokers.TestMethodWorker.invokeTestMethods(TestMethodWorker.java:148)
at org.testng.internal.invokers.TestMethodWorker.run(TestMethodWorker.java:128)
at java.base/java.util.concurrent.ThreadPoolExecutor.runWorker(ThreadPoolExecutor.java:1136)
at java.base/java.util.concurrent.ThreadPoolExecutor$Worker.run(ThreadPoolExecutor.java:635)
at java.base/java.lang.Thread.run(Thread.java:833)
]]>
    </failure>
  </testcase> <!-- multiSelect_SelectFirstSelectedValue_Should_Show_First_Message -->
  <testcase classname="TestComponents.BasicTests.SelectDropdownListDemoTest" name="multiSelect_Status_Should_Multiple" time="1.642"/>
  <testcase classname="TestComponents.BasicTests.SelectDropdownListDemoTest" name="select_SelectValue_Should_Show_Message" time="1.672"/>
  <testcase classname="TestComponents.BasicTests.SimpleFormDemoTest" name="doubleInput_Enter_Double_Number_Should_Show_Sum" time="1.705"/>
  <testcase classname="TestComponents.BasicTests.SimpleFormDemoTest" name="doubleInput_Enter_No_Data_Should_Show_Error" time="1.642"/>
  <testcase classname="TestComponents.BasicTests.SimpleFormDemoTest" name="doubleInput_Enter_Single_Number_Should_Show_Number" time="1.513"/>
  <testcase classname="TestComponents.BasicTests.SimpleFormDemoTest" name="doubleInput_Enter_Single_Text_Should_Show_Error" time="1.432"/>
  <testcase classname="TestComponents.BasicTests.SimpleFormDemoTest" name="singleInput_Enter_Any_Data_Should_Show_Message" time="1.357"/>
  <testcase classname="TestComponents.BasicTests.SimpleFormDemoTest" name="singleInput_Not_Entering_Any_Data_Should_Show_No_Message" time="1.531"/>
  <testcase classname="TestComponents.BasicTests.WindowsPopupDemoTest" name="popup_Facebook_Should_Have_Proper_Address" time="3.486"/>
  <testcase classname="TestComponents.BasicTests.WindowsPopupDemoTest" name="popup_Twitter_Should_Have_Proper_Address" time="3.666"/>
</testsuite> <!-- Regression -->
