<html>
<head>
<title>TestNG:  Regression</title>
<link href="../testng.css" rel="stylesheet" type="text/css" />
<link href="../my-testng.css" rel="stylesheet" type="text/css" />

<style type="text/css">
.log { display: none;} 
.stack-trace { display: none;} 
</style>
<script type="text/javascript">
<!--
function flip(e) {
  current = e.style.display;
  if (current == 'block') {
    e.style.display = 'none';
    return 0;
  }
  else {
    e.style.display = 'block';
    return 1;
  }
}

function toggleBox(szDivId, elem, msg1, msg2)
{
  var res = -1;  if (document.getElementById) {
    res = flip(document.getElementById(szDivId));
  }
  else if (document.all) {
    // this is the way old msie versions work
    res = flip(document.all[szDivId]);
  }
  if(elem) {
    if(res == 0) elem.innerHTML = msg1; else elem.innerHTML = msg2;
  }

}

function toggleAllBoxes() {
  if (document.getElementsByTagName) {
    d = document.getElementsByTagName('div');
    for (i = 0; i < d.length; i++) {
      if (d[i].className == 'log') {
        flip(d[i]);
      }
    }
  }
}

// -->
</script>

</head>
<body>
<h2 align='center'>Regression</h2><table border='1' align="center">
<tr>
<td>Tests passed/Failed/Skipped:</td><td>51/2/0</td>
</tr><tr>
<td>Started on:</td><td>Tue Oct 03 19:57:45 CEST 2023</td>
</tr>
<tr><td>Total time:</td><td>658 seconds (658423 ms)</td>
</tr><tr>
<td>Included groups:</td><td></td>
</tr><tr>
<td>Excluded groups:</td><td></td>
</tr>
</table><p/>
<small><i>(Hover the method name to see the test class name)</i></small><p/>
<table width='100%' border='1' class='invocation-failed'>
<tr><td colspan='4' align='center'><b>FAILED TESTS</b></td></tr>
<tr><td><b>Test method</b></td>
<td><b>Attribute(s)</b></td>
<td width="30%"><b>Exception</b></td>
<td width="10%"><b>Time (seconds)</b></td>
<td><b>Instance</b></td>
</tr>
<tr>
<td title='TestComponents.BasicTests.SelectDropdownListDemoTest.multiSelect_SelectFirstSelectedValue_Should_Show_First_Message()'><b>multiSelect_SelectFirstSelectedValue_Should_Show_First_Message</b><br>Test class: TestComponents.BasicTests.SelectDropdownListDemoTest</td>
<td><div><pre>java.lang.AssertionError: expected [First selected option is : Californi] but found [First selected option is : California]
	at org.testng.Assert.fail(Assert.java:111)
	at org.testng.Assert.failNotEquals(Assert.java:1578)
	at org.testng.Assert.assertEqualsImpl(Assert.java:150)
	at org.testng.Assert.assertEquals(Assert.java:132)
	at org.testng.Assert.assertEquals(Assert.java:656)
	at org.testng.Assert.assertEquals(Assert.java:666)
	at TestComponents.BasicTests.SelectDropdownListDemoTest.multiSelect_SelectFirstSelectedValue_Should_Show_First_Message(SelectDropdownListDemoTest.java:65)
	at java.base/jdk.internal.reflect.NativeMethodAccessorImpl.invoke0(Native Method)
	at java.base/jdk.internal.reflect.NativeMethodAccessorImpl.invoke(NativeMethodAccessorImpl.java:77)
	at java.base/jdk.internal.reflect.DelegatingMethodAccessorImpl.invoke(DelegatingMethodAccessorImpl.java:43)
	at java.base/java.lang.reflect.Method.invoke(Method.java:568)
	at org.testng.internal.invokers.MethodInvocationHelper.invokeMethod(MethodInvocationHelper.java:139)
	at org.testng.internal.invokers.TestInvoker.invokeMethod(TestInvoker.java:664)
	at org.testng.internal.invokers.TestInvoker.invokeTestMethod(TestInvoker.java:227)
	at org.testng.internal.invokers.MethodRunner.runInSequence(MethodRunner.java:50)
	at org.testng.internal.invokers.TestInvoker$MethodInvocationAgent.invoke(TestInvoker.java:957)
	at org.testng.internal.invokers.TestInvoker.invokeTestMethods(TestInvoker.java:200)
	at org.testng.internal.invokers.TestMethodWorker.invokeTestMethods(TestMethodWorker.java:148)
	at org.testng.internal.invokers.TestMethodWorker.run(TestMethodWorker.java:128)
	at java.base/java.util.concurrent.ThreadPoolExecutor.runWorker(ThreadPoolExecutor.java:1136)
	at java.base/java.util.concurrent.ThreadPoolExecutor$Worker.run(ThreadPoolExecutor.java:635)
	at java.base/java.lang.Thread.run(Thread.java:833)
</pre></div><a href='#' onClick='toggleBox("stack-trace583331796", this, "Click to show all stack frames", "Click to hide stack frames")'>Click to show all stack frames</a>
<div class='stack-trace' id='stack-trace583331796'><pre>java.lang.AssertionError: expected [First selected option is : Californi] but found [First selected option is : California]
	at org.testng.Assert.fail(Assert.java:111)
	at org.testng.Assert.failNotEquals(Assert.java:1578)
	at org.testng.Assert.assertEqualsImpl(Assert.java:150)
	at org.testng.Assert.assertEquals(Assert.java:132)
	at org.testng.Assert.assertEquals(Assert.java:656)
	at org.testng.Assert.assertEquals(Assert.java:666)
	at TestComponents.BasicTests.SelectDropdownListDemoTest.multiSelect_SelectFirstSelectedValue_Should_Show_First_Message(SelectDropdownListDemoTest.java:65)
	at java.base/jdk.internal.reflect.NativeMethodAccessorImpl.invoke0(Native Method)
	at java.base/jdk.internal.reflect.NativeMethodAccessorImpl.invoke(NativeMethodAccessorImpl.java:77)
	at java.base/jdk.internal.reflect.DelegatingMethodAccessorImpl.invoke(DelegatingMethodAccessorImpl.java:43)
	at java.base/java.lang.reflect.Method.invoke(Method.java:568)
	at org.testng.internal.invokers.MethodInvocationHelper.invokeMethod(MethodInvocationHelper.java:139)
	at org.testng.internal.invokers.TestInvoker.invokeMethod(TestInvoker.java:664)
	at org.testng.internal.invokers.TestInvoker.invokeTestMethod(TestInvoker.java:227)
	at org.testng.internal.invokers.MethodRunner.runInSequence(MethodRunner.java:50)
	at org.testng.internal.invokers.TestInvoker$MethodInvocationAgent.invoke(TestInvoker.java:957)
	at org.testng.internal.invokers.TestInvoker.invokeTestMethods(TestInvoker.java:200)
	at org.testng.internal.invokers.TestMethodWorker.invokeTestMethods(TestMethodWorker.java:148)
	at org.testng.internal.invokers.TestMethodWorker.run(TestMethodWorker.java:128)
	at java.base/java.util.concurrent.ThreadPoolExecutor.runWorker(ThreadPoolExecutor.java:1136)
	at java.base/java.util.concurrent.ThreadPoolExecutor$Worker.run(ThreadPoolExecutor.java:635)
	at java.base/java.lang.Thread.run(Thread.java:833)
</pre></div></td>
<td>3</td>
<td>TestComponents.BasicTests.SelectDropdownListDemoTest@2d0399f4</td></tr>
<tr>
<td title='TestComponents.BasicTests.SimpleFormDemoTest.doubleInput_Enter_Data_Should_Show_Message()'><b>doubleInput_Enter_Data_Should_Show_Message</b><br>Test class: TestComponents.BasicTests.SimpleFormDemoTest<br>Test method: doubleInputData<br>Parameters: 1234, 4321, 5555</td>
<td><div><pre>org.openqa.selenium.TimeoutException: Expected condition failed: waiting for visibility of all [] (tried for 8 second(s) with 500 milliseconds interval)
Build info: version: &apos;4.13.0&apos;, revision: &apos;ba948ece5b*&apos;
System info: os.name: &apos;Windows 10&apos;, os.arch: &apos;amd64&apos;, os.version: &apos;10.0&apos;, java.version: &apos;17.0.6&apos;
Driver info: org.openqa.selenium.chrome.ChromeDriver
Capabilities {acceptInsecureCerts: false, browserName: chrome, browserVersion: 117.0.5938.132, chrome: {chromedriverVersion: 117.0.5938.92 (67649b10b92b..., userDataDir: C:\Users\Mateusz\AppData\Lo...}, fedcm:accounts: true, goog:chromeOptions: {debuggerAddress: localhost:49414}, networkConnectionEnabled: false, pageLoadStrategy: normal, platformName: windows, proxy: Proxy(), se:cdp: ws://localhost:49414/devtoo..., se:cdpVersion: 117.0.5938.132, setWindowRect: true, strictFileInteractability: false, timeouts: {implicit: 0, pageLoad: 300000, script: 30000}, unhandledPromptBehavior: dismiss and notify, webauthn:extension:credBlob: true, webauthn:extension:largeBlob: true, webauthn:extension:minPinLength: true, webauthn:extension:prf: true, webauthn:virtualAuthenticators: true}
Session ID: 04fb77b35aa7b12454373a23c565a7f6
	at org.openqa.selenium.support.ui.WebDriverWait.timeoutException(WebDriverWait.java:84)
	at org.openqa.selenium.support.ui.FluentWait.until(FluentWait.java:230)
	at PageFactory.BasePage.waitForElementsVisbility(BasePage.java:44)
	at PageFactory.BasePage.choseExerciseLevel(BasePage.java:60)
	at PageFactory.BasePage.goTo(BasePage.java:83)
	at PageFactory.BasicPageFactory.SimpleFormPage.goToExercise(SimpleFormPage.java:85)
	at TestComponents.BasicTests.SimpleFormDemoTest.doubleInput_Enter_Data_Should_Show_Message(SimpleFormDemoTest.java:47)
	at java.base/jdk.internal.reflect.NativeMethodAccessorImpl.invoke0(Native Method)
	at java.base/jdk.internal.reflect.NativeMethodAccessorImpl.invoke(NativeMethodAccessorImpl.java:77)
	at java.base/jdk.internal.reflect.DelegatingMethodAccessorImpl.invoke(DelegatingMethodAccessorImpl.java:43)
	at java.base/java.lang.reflect.Method.invoke(Method.java:568)
	at org.testng.internal.invokers.MethodInvocationHelper.invokeMethod(MethodInvocationHelper.java:139)
	at org.testng.internal.invokers.TestInvoker.invokeMethod(TestInvoker.java:664)
	at org.testng.internal.invokers.TestInvoker.invokeTestMethod(TestInvoker.java:227)
	at org.testng.internal.invokers.MethodRunner.runInSequence(MethodRunner.java:50)
	at org.testng.internal.invokers.TestInvoker$MethodInvocationAgent.invoke(TestInvoker.java:957)
	at org.testng.internal.invokers.TestInvoker.invokeTestMethods(TestInvoker.java:200)
	at org.testng.internal.invokers.TestMethodWorker.invokeTestMethods(TestMethodWorker.java:148)
	at org.testng.internal.invokers.TestMethodWorker.run(TestMethodWorker.java:128)
	at java.base/java.util.concurrent.ThreadPoolExecutor.runWorker(ThreadPoolExecutor.java:1136)
	at java.base/java.util.concurrent.ThreadPoolExecutor$Worker.run(ThreadPoolExecutor.java:635)
	at java.base/java.lang.Thread.run(Thread.java:833)
</pre></div><a href='#' onClick='toggleBox("stack-trace70034963", this, "Click to show all stack frames", "Click to hide stack frames")'>Click to show all stack frames</a>
<div class='stack-trace' id='stack-trace70034963'><pre>org.openqa.selenium.TimeoutException: Expected condition failed: waiting for visibility of all [] (tried for 8 second(s) with 500 milliseconds interval)
Build info: version: &apos;4.13.0&apos;, revision: &apos;ba948ece5b*&apos;
System info: os.name: &apos;Windows 10&apos;, os.arch: &apos;amd64&apos;, os.version: &apos;10.0&apos;, java.version: &apos;17.0.6&apos;
Driver info: org.openqa.selenium.chrome.ChromeDriver
Capabilities {acceptInsecureCerts: false, browserName: chrome, browserVersion: 117.0.5938.132, chrome: {chromedriverVersion: 117.0.5938.92 (67649b10b92b..., userDataDir: C:\Users\Mateusz\AppData\Lo...}, fedcm:accounts: true, goog:chromeOptions: {debuggerAddress: localhost:49414}, networkConnectionEnabled: false, pageLoadStrategy: normal, platformName: windows, proxy: Proxy(), se:cdp: ws://localhost:49414/devtoo..., se:cdpVersion: 117.0.5938.132, setWindowRect: true, strictFileInteractability: false, timeouts: {implicit: 0, pageLoad: 300000, script: 30000}, unhandledPromptBehavior: dismiss and notify, webauthn:extension:credBlob: true, webauthn:extension:largeBlob: true, webauthn:extension:minPinLength: true, webauthn:extension:prf: true, webauthn:virtualAuthenticators: true}
Session ID: 04fb77b35aa7b12454373a23c565a7f6
	at org.openqa.selenium.support.ui.WebDriverWait.timeoutException(WebDriverWait.java:84)
	at org.openqa.selenium.support.ui.FluentWait.until(FluentWait.java:230)
	at PageFactory.BasePage.waitForElementsVisbility(BasePage.java:44)
	at PageFactory.BasePage.choseExerciseLevel(BasePage.java:60)
	at PageFactory.BasePage.goTo(BasePage.java:83)
	at PageFactory.BasicPageFactory.SimpleFormPage.goToExercise(SimpleFormPage.java:85)
	at TestComponents.BasicTests.SimpleFormDemoTest.doubleInput_Enter_Data_Should_Show_Message(SimpleFormDemoTest.java:47)
	at java.base/jdk.internal.reflect.NativeMethodAccessorImpl.invoke0(Native Method)
	at java.base/jdk.internal.reflect.NativeMethodAccessorImpl.invoke(NativeMethodAccessorImpl.java:77)
	at java.base/jdk.internal.reflect.DelegatingMethodAccessorImpl.invoke(DelegatingMethodAccessorImpl.java:43)
	at java.base/java.lang.reflect.Method.invoke(Method.java:568)
	at org.testng.internal.invokers.MethodInvocationHelper.invokeMethod(MethodInvocationHelper.java:139)
	at org.testng.internal.invokers.TestInvoker.invokeMethod(TestInvoker.java:664)
	at org.testng.internal.invokers.TestInvoker.invokeTestMethod(TestInvoker.java:227)
	at org.testng.internal.invokers.MethodRunner.runInSequence(MethodRunner.java:50)
	at org.testng.internal.invokers.TestInvoker$MethodInvocationAgent.invoke(TestInvoker.java:957)
	at org.testng.internal.invokers.TestInvoker.invokeTestMethods(TestInvoker.java:200)
	at org.testng.internal.invokers.TestMethodWorker.invokeTestMethods(TestMethodWorker.java:148)
	at org.testng.internal.invokers.TestMethodWorker.run(TestMethodWorker.java:128)
	at java.base/java.util.concurrent.ThreadPoolExecutor.runWorker(ThreadPoolExecutor.java:1136)
	at java.base/java.util.concurrent.ThreadPoolExecutor$Worker.run(ThreadPoolExecutor.java:635)
	at java.base/java.lang.Thread.run(Thread.java:833)
</pre></div></td>
<td>8</td>
<td>TestComponents.BasicTests.SimpleFormDemoTest@6cd24612</td></tr>
</table><p>
<table width='100%' border='1' class='invocation-passed'>
<tr><td colspan='4' align='center'><b>PASSED TESTS</b></td></tr>
<tr><td><b>Test method</b></td>
<td><b>Attribute(s)</b></td>
<td width="30%"><b>Exception</b></td>
<td width="10%"><b>Time (seconds)</b></td>
<td><b>Instance</b></td>
</tr>
<tr>
<td title='TestComponents.BasicTests.RadioButtonsDemoTest.groupRadioButton_ClickOnlyAge_Should_Show_Message()'><b>groupRadioButton_ClickOnlyAge_Should_Show_Message</b><br>Test class: TestComponents.BasicTests.RadioButtonsDemoTest<br>Test method: radioButtonClickAgeData<br>Parameters: 0 - 5, Sex :
Age group: 0 - 5</td>
<td></td>
<td>1</td>
<td>TestComponents.BasicTests.RadioButtonsDemoTest@46d59067</td></tr>
<tr>
<td title='TestComponents.BasicTests.CheckboxDemoTest.checkBoxDisable_Should_Be_Disable()'><b>checkBoxDisable_Should_Be_Disable</b><br>Test class: TestComponents.BasicTests.CheckboxDemoTest</td>
<td></td>
<td>1</td>
<td>TestComponents.BasicTests.CheckboxDemoTest@3aa078fd</td></tr>
<tr>
<td title='TestComponents.BasicTests.SimpleFormDemoTest.singleInput_Enter_Data_Should_Show_Message()'><b>singleInput_Enter_Data_Should_Show_Message</b><br>Test class: TestComponents.BasicTests.SimpleFormDemoTest<br>Test method: singleInputData<br>Parameters: Mateusz, Mateusz</td>
<td></td>
<td>1</td>
<td>TestComponents.BasicTests.SimpleFormDemoTest@6cd24612</td></tr>
<tr>
<td title='TestComponents.BasicTests.BoostrapAlertsTest.boostrapAlert_Click_Success_Should_Show_Message()'><b>boostrapAlert_Click_Success_Should_Show_Message</b><br>Test class: TestComponents.BasicTests.BoostrapAlertsTest<br>Test method: boostrapAlertSuccess<br>Parameters: ×
I'm a normal success message. To close use the appropriate button.</td>
<td></td>
<td>2</td>
<td>TestComponents.BasicTests.BoostrapAlertsTest@97e93f1</td></tr>
<tr>
<td title='TestComponents.BasicTests.CheckboxDemoTest.multipleCheckBox_Click_MultipleCheckBoxAllButton_Should_Change_Button_Name_And_CheckAll()'><b>multipleCheckBox_Click_MultipleCheckBoxAllButton_Should_Change_Button_Name_And_CheckAll</b><br>Test class: TestComponents.BasicTests.CheckboxDemoTest<br>Test method: multipleCheckBoxClickButtonData<br>Parameters: Uncheck All, true</td>
<td></td>
<td>1</td>
<td>TestComponents.BasicTests.CheckboxDemoTest@3aa078fd</td></tr>
<tr>
<td title='TestComponents.BasicTests.SimpleFormDemoTest.singleInput_Enter_Data_Should_Show_Message()'><b>singleInput_Enter_Data_Should_Show_Message</b><br>Test class: TestComponents.BasicTests.SimpleFormDemoTest<br>Test method: singleInputData<br>Parameters: 18, 18</td>
<td></td>
<td>1</td>
<td>TestComponents.BasicTests.SimpleFormDemoTest@6cd24612</td></tr>
<tr>
<td title='TestComponents.BasicTests.CheckboxDemoTest.checkBox_DoubleCLick_Should_Hide_Message()'><b>checkBox_DoubleCLick_Should_Hide_Message</b><br>Test class: TestComponents.BasicTests.CheckboxDemoTest</td>
<td></td>
<td>1</td>
<td>TestComponents.BasicTests.CheckboxDemoTest@3aa078fd</td></tr>
<tr>
<td title='TestComponents.BasicTests.WindowsPopupDemoTest.popup_Facebook_Should_Have_Proper_Address()'><b>popup_Facebook_Should_Have_Proper_Address</b><br>Test class: TestComponents.BasicTests.WindowsPopupDemoTest</td>
<td></td>
<td>13</td>
<td>TestComponents.BasicTests.WindowsPopupDemoTest@5dafbe45</td></tr>
<tr>
<td title='TestComponents.BasicTests.RadioButtonsDemoTest.groupRadioButton_ClickOnlyAge_Should_Show_Message()'><b>groupRadioButton_ClickOnlyAge_Should_Show_Message</b><br>Test class: TestComponents.BasicTests.RadioButtonsDemoTest<br>Test method: radioButtonClickAgeData<br>Parameters: 5 - 15, Sex :
Age group: 5 - 15</td>
<td></td>
<td>1</td>
<td>TestComponents.BasicTests.RadioButtonsDemoTest@46d59067</td></tr>
<tr>
<td title='TestComponents.BasicTests.CheckboxDemoTest.multipleCheckBox_Click_UncheckAll_Should_Change_Button_Name_And_UncheckAll()'><b>multipleCheckBox_Click_UncheckAll_Should_Change_Button_Name_And_UncheckAll</b><br>Test class: TestComponents.BasicTests.CheckboxDemoTest<br>Test method: multipleCheckBoxClickUnAllData<br>Parameters: Check All, false</td>
<td></td>
<td>2</td>
<td>TestComponents.BasicTests.CheckboxDemoTest@3aa078fd</td></tr>
<tr>
<td title='TestComponents.BasicTests.SimpleFormDemoTest.doubleInput_Enter_Data_Should_Show_Message()'><b>doubleInput_Enter_Data_Should_Show_Message</b><br>Test class: TestComponents.BasicTests.SimpleFormDemoTest<br>Test method: doubleInputData<br>Parameters: 0, 1234, 1234</td>
<td></td>
<td>1</td>
<td>TestComponents.BasicTests.SimpleFormDemoTest@6cd24612</td></tr>
<tr>
<td title='TestComponents.BasicTests.WindowsPopupDemoTest.popup_Twitter_Should_Have_Proper_Address()'><b>popup_Twitter_Should_Have_Proper_Address</b><br>Test class: TestComponents.BasicTests.WindowsPopupDemoTest</td>
<td></td>
<td>9</td>
<td>TestComponents.BasicTests.WindowsPopupDemoTest@5dafbe45</td></tr>
<tr>
<td title='TestComponents.BasicTests.CheckboxDemoTest.checkBoxChecked_DoubleCLick_Should_Check_Checkbox()'><b>checkBoxChecked_DoubleCLick_Should_Check_Checkbox</b><br>Test class: TestComponents.BasicTests.CheckboxDemoTest</td>
<td></td>
<td>1</td>
<td>TestComponents.BasicTests.CheckboxDemoTest@3aa078fd</td></tr>
<tr>
<td title='TestComponents.BasicTests.RadioButtonsDemoTest.groupRadioButton_ClickOnlySex_Should_Show_Message()'><b>groupRadioButton_ClickOnlySex_Should_Show_Message</b><br>Test class: TestComponents.BasicTests.RadioButtonsDemoTest<br>Test method: radioButtonClickSexData<br>Parameters: Female, Sex : Female
Age group:</td>
<td></td>
<td>1</td>
<td>TestComponents.BasicTests.RadioButtonsDemoTest@46d59067</td></tr>
<tr>
<td title='TestComponents.BasicTests.JavaScriptAlertsTest.confirmBox_Click_Should_Show_ConfirmMessage_And_Dismiss()'><b>confirmBox_Click_Should_Show_ConfirmMessage_And_Dismiss</b><br>Test class: TestComponents.BasicTests.JavaScriptAlertsTest<br>Test method: confirmBoxClickDismissData<br>Parameters: Press a button!, You pressed Cancel!</td>
<td></td>
<td>1</td>
<td>TestComponents.BasicTests.JavaScriptAlertsTest@d23e042</td></tr>
<tr>
<td title='TestComponents.BasicTests.RadioButtonsDemoTest.groupRadioButton_ClickBoth_Should_Show_Message()'><b>groupRadioButton_ClickBoth_Should_Show_Message</b><br>Test class: TestComponents.BasicTests.RadioButtonsDemoTest<br>Test method: radioButtonClickBothData<br>Parameters: Male, 0 - 5, Sex : Male
Age group: 0 - 5</td>
<td></td>
<td>1</td>
<td>TestComponents.BasicTests.RadioButtonsDemoTest@46d59067</td></tr>
<tr>
<td title='TestComponents.BasicTests.RadioButtonsDemoTest.groupRadioButton_ClickBoth_Should_Show_Message()'><b>groupRadioButton_ClickBoth_Should_Show_Message</b><br>Test class: TestComponents.BasicTests.RadioButtonsDemoTest<br>Test method: radioButtonClickBothData<br>Parameters: Female, 0 - 5, Sex : Female
Age group: 0 - 5</td>
<td></td>
<td>1</td>
<td>TestComponents.BasicTests.RadioButtonsDemoTest@46d59067</td></tr>
<tr>
<td title='TestComponents.BasicTests.JavaScriptAlertsTest.confirmBox_Click_Should_Show_ConfirmMessage_And_Accept()'><b>confirmBox_Click_Should_Show_ConfirmMessage_And_Accept</b><br>Test class: TestComponents.BasicTests.JavaScriptAlertsTest<br>Test method: confirmBoxClickAcceptData<br>Parameters: Press a button!, You pressed OK!</td>
<td></td>
<td>1</td>
<td>TestComponents.BasicTests.JavaScriptAlertsTest@d23e042</td></tr>
<tr>
<td title='TestComponents.BasicTests.BoostrapAlertsTest.boostrapAlert_Click_AutoSuccess_Should_Show_Message_And_Disappear()'><b>boostrapAlert_Click_AutoSuccess_Should_Show_Message_And_Disappear</b><br>Test class: TestComponents.BasicTests.BoostrapAlertsTest<br>Test method: boostrapAlertAutoSuccess<br>Parameters: I'm an autocloseable success message. I will hide in 5 seconds.</td>
<td></td>
<td>7</td>
<td>TestComponents.BasicTests.BoostrapAlertsTest@97e93f1</td></tr>
<tr>
<td title='TestComponents.BasicTests.CheckboxDemoTest.checkBox_CLick_Should_Show_Message()'><b>checkBox_CLick_Should_Show_Message</b><br>Test class: TestComponents.BasicTests.CheckboxDemoTest<br>Test method: checkBoxClickData<br>Parameters: Success - Check box is checked</td>
<td></td>
<td>2</td>
<td>TestComponents.BasicTests.CheckboxDemoTest@3aa078fd</td></tr>
<tr>
<td title='TestComponents.BasicTests.BoostrapModalsTest.multiModal_Lunch_Click_Should_Show_Message_And_Disappear()'><b>multiModal_Lunch_Click_Should_Show_Message_And_Disappear</b><br>Test class: TestComponents.BasicTests.BoostrapModalsTest<br>Test method: multiModalLunchClickData<br>Parameters: This is the place where the content for the modal dialog displays.</td>
<td></td>
<td>3</td>
<td>TestComponents.BasicTests.BoostrapModalsTest@1f9e9475</td></tr>
<tr>
<td title='TestComponents.BasicTests.RadioButtonsDemoTest.groupRadioButton_ClickOnlyAge_Should_Show_Message()'><b>groupRadioButton_ClickOnlyAge_Should_Show_Message</b><br>Test class: TestComponents.BasicTests.RadioButtonsDemoTest<br>Test method: radioButtonClickAgeData<br>Parameters: 15 - 50, Sex :
Age group: 15 - 50</td>
<td></td>
<td>1</td>
<td>TestComponents.BasicTests.RadioButtonsDemoTest@46d59067</td></tr>
<tr>
<td title='TestComponents.BasicTests.SelectDropdownListDemoTest.multiSelect_Status_Should_Multiple()'><b>multiSelect_Status_Should_Multiple</b><br>Test class: TestComponents.BasicTests.SelectDropdownListDemoTest</td>
<td></td>
<td>1</td>
<td>TestComponents.BasicTests.SelectDropdownListDemoTest@2d0399f4</td></tr>
<tr>
<td title='TestComponents.BasicTests.BoostrapModalsTest.multiModal_Click_Should_Show_Message_And_Disappear()'><b>multiModal_Click_Should_Show_Message_And_Disappear</b><br>Test class: TestComponents.BasicTests.BoostrapModalsTest</td>
<td></td>
<td>4</td>
<td>TestComponents.BasicTests.BoostrapModalsTest@1f9e9475</td></tr>
<tr>
<td title='TestComponents.BasicTests.SelectDropdownListDemoTest.multiSelect_SelectAllValues_Should_Show_All_Message()'><b>multiSelect_SelectAllValues_Should_Show_All_Message</b><br>Test class: TestComponents.BasicTests.SelectDropdownListDemoTest</td>
<td></td>
<td>3</td>
<td>TestComponents.BasicTests.SelectDropdownListDemoTest@2d0399f4</td></tr>
<tr>
<td title='TestComponents.BasicTests.BoostrapAlertsTest.boostrapAlert_Click_AutoInfo_Should_Show_Message_And_Disappear()'><b>boostrapAlert_Click_AutoInfo_Should_Show_Message_And_Disappear</b><br>Test class: TestComponents.BasicTests.BoostrapAlertsTest<br>Test method: boostrapAlertAutoInfo<br>Parameters: I'm an autocloseable info message. I will hide in 6 seconds.</td>
<td></td>
<td>9</td>
<td>TestComponents.BasicTests.BoostrapAlertsTest@97e93f1</td></tr>
<tr>
<td title='TestComponents.BasicTests.SimpleFormDemoTest.doubleInput_Enter_Data_Should_Show_Message()'><b>doubleInput_Enter_Data_Should_Show_Message</b><br>Test class: TestComponents.BasicTests.SimpleFormDemoTest<br>Test method: doubleInputData<br>Parameters: , , NaN</td>
<td></td>
<td>1</td>
<td>TestComponents.BasicTests.SimpleFormDemoTest@6cd24612</td></tr>
<tr>
<td title='TestComponents.BasicTests.BoostrapAlertsTest.boostrapAlert_Click_Danger_Should_Show_Message_And_Disappear()'><b>boostrapAlert_Click_Danger_Should_Show_Message_And_Disappear</b><br>Test class: TestComponents.BasicTests.BoostrapAlertsTest<br>Test method: boostrapAlertDanger<br>Parameters: ×
I'm a normal danger message. To close use the appropriate button.</td>
<td></td>
<td>2</td>
<td>TestComponents.BasicTests.BoostrapAlertsTest@97e93f1</td></tr>
<tr>
<td title='TestComponents.BasicTests.RadioButtonsDemoTest.radioButton_ButtonClick_Should_Show_Message()'><b>radioButton_ButtonClick_Should_Show_Message</b><br>Test class: TestComponents.BasicTests.RadioButtonsDemoTest<br>Test method: radioButtonClickData<br>Parameters: , Radio button is Not checked</td>
<td></td>
<td>1</td>
<td>TestComponents.BasicTests.RadioButtonsDemoTest@46d59067</td></tr>
<tr>
<td title='TestComponents.BasicTests.RadioButtonsDemoTest.groupRadioButton_ClickBoth_Should_Show_Message()'><b>groupRadioButton_ClickBoth_Should_Show_Message</b><br>Test class: TestComponents.BasicTests.RadioButtonsDemoTest<br>Test method: radioButtonClickBothData<br>Parameters: Male, 5 - 15, Sex : Male
Age group: 5 - 15</td>
<td></td>
<td>1</td>
<td>TestComponents.BasicTests.RadioButtonsDemoTest@46d59067</td></tr>
<tr>
<td title='TestComponents.BasicTests.RadioButtonsDemoTest.groupRadioButton_ClickBoth_Should_Show_Message()'><b>groupRadioButton_ClickBoth_Should_Show_Message</b><br>Test class: TestComponents.BasicTests.RadioButtonsDemoTest<br>Test method: radioButtonClickBothData<br>Parameters: Female, 15 - 50, Sex : Female
Age group: 15 - 50</td>
<td></td>
<td>1</td>
<td>TestComponents.BasicTests.RadioButtonsDemoTest@46d59067</td></tr>
<tr>
<td title='TestComponents.BasicTests.JavaScriptAlertsTest.promptBox_Click_Enter_Value_Should_Show_Message()'><b>promptBox_Click_Enter_Value_Should_Show_Message</b><br>Test class: TestComponents.BasicTests.JavaScriptAlertsTest<br>Test method: promptBoxClickData<br>Parameters: Mateusz, Please enter your name, You have entered 'Mateusz' !</td>
<td></td>
<td>8</td>
<td>TestComponents.BasicTests.JavaScriptAlertsTest@d23e042</td></tr>
<tr>
<td title='TestComponents.BasicTests.BoostrapAlertsTest.boostrapAlert_Click_Info_Should_Show_Message()'><b>boostrapAlert_Click_Info_Should_Show_Message</b><br>Test class: TestComponents.BasicTests.BoostrapAlertsTest<br>Test method: boostrapAlertInfo<br>Parameters: ×
I'm a normal info message. To close use the appropriate button.</td>
<td></td>
<td>1</td>
<td>TestComponents.BasicTests.BoostrapAlertsTest@97e93f1</td></tr>
<tr>
<td title='TestComponents.BasicTests.JavaScriptAlertsTest.promptBox_Click_Enter_Value_Should_Show_Message()'><b>promptBox_Click_Enter_Value_Should_Show_Message</b><br>Test class: TestComponents.BasicTests.JavaScriptAlertsTest<br>Test method: promptBoxClickData<br>Parameters: Kamil, Please enter your name, You have entered 'Kamil' !</td>
<td></td>
<td>6</td>
<td>TestComponents.BasicTests.JavaScriptAlertsTest@d23e042</td></tr>
<tr>
<td title='TestComponents.BasicTests.SimpleFormDemoTest.singleInput_Enter_Data_Should_Show_Message()'><b>singleInput_Enter_Data_Should_Show_Message</b><br>Test class: TestComponents.BasicTests.SimpleFormDemoTest<br>Test method: singleInputData<br>Parameters: Adrian, Adrian</td>
<td></td>
<td>1</td>
<td>TestComponents.BasicTests.SimpleFormDemoTest@6cd24612</td></tr>
<tr>
<td title='TestComponents.BasicTests.BoostrapAlertsTest.boostrapAlert_Click_AutoWarning_Should_Show_Message_And_Disappear()'><b>boostrapAlert_Click_AutoWarning_Should_Show_Message_And_Disappear</b><br>Test class: TestComponents.BasicTests.BoostrapAlertsTest<br>Test method: boostrapAlertAutoWarning<br>Parameters: I'm an autocloseable warning message. I will hide in 3 seconds.</td>
<td></td>
<td>5</td>
<td>TestComponents.BasicTests.BoostrapAlertsTest@97e93f1</td></tr>
<tr>
<td title='TestComponents.BasicTests.RadioButtonsDemoTest.groupRadioButton_ClickOnlySex_Should_Show_Message()'><b>groupRadioButton_ClickOnlySex_Should_Show_Message</b><br>Test class: TestComponents.BasicTests.RadioButtonsDemoTest<br>Test method: radioButtonClickSexData<br>Parameters: Male, Sex : Male
Age group:</td>
<td></td>
<td>1</td>
<td>TestComponents.BasicTests.RadioButtonsDemoTest@46d59067</td></tr>
<tr>
<td title='TestComponents.BasicTests.JavaScriptAlertsTest.promptBox_Click_Enter_Value_Should_Show_Message()'><b>promptBox_Click_Enter_Value_Should_Show_Message</b><br>Test class: TestComponents.BasicTests.JavaScriptAlertsTest<br>Test method: promptBoxClickData<br>Parameters: Wiktor, Please enter your name, You have entered 'Wiktor' !</td>
<td></td>
<td>1</td>
<td>TestComponents.BasicTests.JavaScriptAlertsTest@d23e042</td></tr>
<tr>
<td title='TestComponents.BasicTests.CheckboxDemoTest.multipleCheckBox_Check_All_Should_Change_Button_Name_And_CheckAll()'><b>multipleCheckBox_Check_All_Should_Change_Button_Name_And_CheckAll</b><br>Test class: TestComponents.BasicTests.CheckboxDemoTest<br>Test method: multipleCheckBoxCheckAllData<br>Parameters: Uncheck All, true</td>
<td></td>
<td>3</td>
<td>TestComponents.BasicTests.CheckboxDemoTest@3aa078fd</td></tr>
<tr>
<td title='TestComponents.BasicTests.SelectDropdownListDemoTest.select_SelectValue_Should_Show_Message()'><b>select_SelectValue_Should_Show_Message</b><br>Test class: TestComponents.BasicTests.SelectDropdownListDemoTest</td>
<td></td>
<td>2</td>
<td>TestComponents.BasicTests.SelectDropdownListDemoTest@2d0399f4</td></tr>
<tr>
<td title='TestComponents.BasicTests.JavaScriptAlertsTest.alertBox_Click_Should_ShowAlertMessage_And_Accept()'><b>alertBox_Click_Should_ShowAlertMessage_And_Accept</b><br>Test class: TestComponents.BasicTests.JavaScriptAlertsTest<br>Test method: alertBoxClickData<br>Parameters: I am an alert box!</td>
<td></td>
<td>2</td>
<td>TestComponents.BasicTests.JavaScriptAlertsTest@d23e042</td></tr>
<tr>
<td title='TestComponents.BasicTests.CheckboxDemoTest.checkBoxChecked_CLick_Should_Unchecked_Checkbox()'><b>checkBoxChecked_CLick_Should_Unchecked_Checkbox</b><br>Test class: TestComponents.BasicTests.CheckboxDemoTest</td>
<td></td>
<td>2</td>
<td>TestComponents.BasicTests.CheckboxDemoTest@3aa078fd</td></tr>
<tr>
<td title='TestComponents.BasicTests.RadioButtonsDemoTest.groupRadioButton_ClickBoth_Should_Show_Message()'><b>groupRadioButton_ClickBoth_Should_Show_Message</b><br>Test class: TestComponents.BasicTests.RadioButtonsDemoTest<br>Test method: radioButtonClickBothData<br>Parameters: Female, 5 - 15, Sex : Female
Age group: 5 - 15</td>
<td></td>
<td>1</td>
<td>TestComponents.BasicTests.RadioButtonsDemoTest@46d59067</td></tr>
<tr>
<td title='TestComponents.BasicTests.RadioButtonsDemoTest.radioButton_ButtonClick_Should_Show_Message()'><b>radioButton_ButtonClick_Should_Show_Message</b><br>Test class: TestComponents.BasicTests.RadioButtonsDemoTest<br>Test method: radioButtonClickData<br>Parameters: Male, Radio button 'Male' is checked</td>
<td></td>
<td>1</td>
<td>TestComponents.BasicTests.RadioButtonsDemoTest@46d59067</td></tr>
<tr>
<td title='TestComponents.BasicTests.BoostrapAlertsTest.boostrapAlert_Click_AutoDanger_Should_Show_Message_And_Disappear()'><b>boostrapAlert_Click_AutoDanger_Should_Show_Message_And_Disappear</b><br>Test class: TestComponents.BasicTests.BoostrapAlertsTest<br>Test method: boostrapAlertAutoDanger<br>Parameters: I'm an autocloseable danger message. I will hide in 5 seconds.</td>
<td></td>
<td>7</td>
<td>TestComponents.BasicTests.BoostrapAlertsTest@97e93f1</td></tr>
<tr>
<td title='TestComponents.BasicTests.BoostrapModalsTest.singleModal_Click_Should_Show_Message_And_Disappear()'><b>singleModal_Click_Should_Show_Message_And_Disappear</b><br>Test class: TestComponents.BasicTests.BoostrapModalsTest<br>Test method: singleModalClickData<br>Parameters: This is the place where the content for the modal dialog displays</td>
<td></td>
<td>3</td>
<td>TestComponents.BasicTests.BoostrapModalsTest@1f9e9475</td></tr>
<tr>
<td title='TestComponents.BasicTests.RadioButtonsDemoTest.radioButton_ButtonClick_Should_Show_Message()'><b>radioButton_ButtonClick_Should_Show_Message</b><br>Test class: TestComponents.BasicTests.RadioButtonsDemoTest<br>Test method: radioButtonClickData<br>Parameters: Female, Radio button 'Female' is checked</td>
<td></td>
<td>1</td>
<td>TestComponents.BasicTests.RadioButtonsDemoTest@46d59067</td></tr>
<tr>
<td title='TestComponents.BasicTests.SimpleFormDemoTest.singleInput_Enter_Data_Should_Show_Message()'><b>singleInput_Enter_Data_Should_Show_Message</b><br>Test class: TestComponents.BasicTests.SimpleFormDemoTest<br>Test method: singleInputData<br>Parameters: d1, d1</td>
<td></td>
<td>1</td>
<td>TestComponents.BasicTests.SimpleFormDemoTest@6cd24612</td></tr>
<tr>
<td title='TestComponents.BasicTests.BoostrapAlertsTest.boostrapAlert_Click_Warning_Should_Show_Message()'><b>boostrapAlert_Click_Warning_Should_Show_Message</b><br>Test class: TestComponents.BasicTests.BoostrapAlertsTest<br>Test method: boostrapAlertWarning<br>Parameters: ×
I'm a normal warning message. To close use the appropriate button.</td>
<td></td>
<td>1</td>
<td>TestComponents.BasicTests.BoostrapAlertsTest@97e93f1</td></tr>
<tr>
<td title='TestComponents.BasicTests.SimpleFormDemoTest.doubleInput_Enter_Data_Should_Show_Message()'><b>doubleInput_Enter_Data_Should_Show_Message</b><br>Test class: TestComponents.BasicTests.SimpleFormDemoTest<br>Test method: doubleInputData<br>Parameters: Mateusz, , NaN</td>
<td></td>
<td>1</td>
<td>TestComponents.BasicTests.SimpleFormDemoTest@6cd24612</td></tr>
<tr>
<td title='TestComponents.BasicTests.RadioButtonsDemoTest.groupRadioButton_ClickBoth_Should_Show_Message()'><b>groupRadioButton_ClickBoth_Should_Show_Message</b><br>Test class: TestComponents.BasicTests.RadioButtonsDemoTest<br>Test method: radioButtonClickBothData<br>Parameters: Male, 15 - 50, Sex : Male
Age group: 15 - 50</td>
<td></td>
<td>1</td>
<td>TestComponents.BasicTests.RadioButtonsDemoTest@46d59067</td></tr>
</table><p>
</body>
</html>