<?xml version="1.0" encoding="UTF-8"?>
<!-- Generated by org.testng.reporters.JUnitXMLReporter -->
<testsuite ignored="23" hostname="DESKTOP-HU880DN" failures="0" tests="17" name="Smoke" time="162.688" errors="0" timestamp="2023-09-30T17:40:44 CEST">
  <testcase classname="TestComponents.BasicTests.BoostrapAlertsTest" name="boostrapAlert_Click_AutoDanger_Should_Show_Message_And_Disappear" time="7.699"/>
  <testcase classname="TestComponents.BasicTests.BoostrapAlertsTest" name="boostrapAlert_Click_AutoInfo_Should_Show_Message_And_Disappear" time="9.05"/>
  <testcase classname="TestComponents.BasicTests.BoostrapAlertsTest" name="boostrapAlert_Click_AutoSucces_Should_Show_Message_And_Disappear" time="8.101"/>
  <testcase classname="TestComponents.BasicTests.BoostrapAlertsTest" name="boostrapAlert_Click_Info_Should_Show_Message_And" time="1.68"/>
  <testcase classname="TestComponents.BasicTests.BoostrapAlertsTest" name="boostrapAlert_Click_Succes_Should_Show_Message" time="1.871"/>
  <testcase classname="TestComponents.BasicTests.BoostrapModalsTest" name="multiModal_Click_Should_Show_Message_And_Disapire" time="3.288"/>
  <testcase classname="TestComponents.BasicTests.BoostrapModalsTest" name="singelModal_Click_Should_Show_Message_And_Disapire" time="2.657"/>
  <testcase classname="TestComponents.BasicTests.CheckboxDemoTest" name="multipleCheckBox_Click_MultipleCheckBoxAllButton_Should_Change_Button_Name_And_CheckAll" time="2.456"/>
  <testcase classname="TestComponents.BasicTests.JavaScriptAlertsTest" name="alertBox_Click_Should_ShowAlertMessage_And_Accept" time="1.328"/>
  <testcase classname="TestComponents.BasicTests.JavaScriptAlertsTest" name="promptBox_Click_Enter_Value_Should_Show_Message" time="1.953"/>
  <testcase classname="TestComponents.BasicTests.RadioButtonsDemoTest" name="groupRadioButton_ClickOnlyAge_Should_Show_Message" time="1.993"/>
  <testcase classname="TestComponents.BasicTests.RadioButtonsDemoTest" name="radioButton_NoButtonClick_Should_Show_Message" time="1.422"/>
  <testcase classname="TestComponents.BasicTests.SelectDropdownListDemoTest" name="select_SelectValue_Should_Show_Message" time="2.357"/>
  <testcase classname="TestComponents.BasicTests.SimpleFormDemoTest" name="doubleInput_Enter_Double_Number_Should_Show_Sum" time="2.223"/>
  <testcase classname="TestComponents.BasicTests.SimpleFormDemoTest" name="doubleInput_Enter_No_Data_Should_Show_Error" time="1.501"/>
  <testcase classname="TestComponents.BasicTests.SimpleFormDemoTest" name="singelInput_Enter_Any_Data_Should_Show_Message" time="2.068"/>
  <testcase classname="TestComponents.BasicTests.WindowsPopupDemoTest" name="popup_Facebook_Should_Have_Proper_Adres" time="5.962"/>
  <testcase classname="TestComponents.BasicTests.WindowsPopupDemoTest" name="popup_Twitter_Should_Have_Proper_Adres" time="0.0">
    <ignored/>
  </testcase> <!-- popup_Twitter_Should_Have_Proper_Adres -->
  <testcase classname="TestComponents.BasicTests.CheckboxDemoTest" name="checkBoxDisable_Should_Be_Disable" time="0.0">
    <ignored/>
  </testcase> <!-- checkBoxDisable_Should_Be_Disable -->
  <testcase classname="TestComponents.BasicTests.BoostrapAlertsTest" name="boostrapAlert_Click_AutoWarning_Should_Show_Message_And_Disappear" time="0.0">
    <ignored/>
  </testcase> <!-- boostrapAlert_Click_AutoWarning_Should_Show_Message_And_Disappear -->
  <testcase classname="TestComponents.BasicTests.SelectDropdownListDemoTest" name="multiSelect_SelectFirstSelectedValue_Should_Show_First_Message" time="0.0">
    <ignored/>
  </testcase> <!-- multiSelect_SelectFirstSelectedValue_Should_Show_First_Message -->
  <testcase classname="TestComponents.BasicTests.SelectDropdownListDemoTest" name="multiSelect_SelectAllValues_Should_Show_All_Message" time="0.0">
    <ignored/>
  </testcase> <!-- multiSelect_SelectAllValues_Should_Show_All_Message -->
  <testcase classname="TestComponents.BasicTests.SimpleFormDemoTest" name="doubleInput_Enter_Single_Number_Should_Show_Number" time="0.0">
    <ignored/>
  </testcase> <!-- doubleInput_Enter_Single_Number_Should_Show_Number -->
  <testcase classname="TestComponents.BasicTests.RadioButtonsDemoTest" name="groupRadioButton_ClickOnlySex_Should_Show_Message" time="0.0">
    <ignored/>
  </testcase> <!-- groupRadioButton_ClickOnlySex_Should_Show_Message -->
  <testcase classname="TestComponents.BasicTests.SelectDropdownListDemoTest" name="multiSelect_Status_Should_Multiple" time="0.0">
    <ignored/>
  </testcase> <!-- multiSelect_Status_Should_Multiple -->
  <testcase classname="TestComponents.BasicTests.CheckboxDemoTest" name="multipleCheckBox_Check_All_Should_Change_Button_Name_And_CheckAll" time="0.0">
    <ignored/>
  </testcase> <!-- multipleCheckBox_Check_All_Should_Change_Button_Name_And_CheckAll -->
  <testcase classname="TestComponents.BasicTests.BoostrapModalsTest" name="multiModal_Lunch_Click_Should_Show_Message_And_Disapire" time="0.0">
    <ignored/>
  </testcase> <!-- multiModal_Lunch_Click_Should_Show_Message_And_Disapire -->
  <testcase classname="TestComponents.BasicTests.CheckboxDemoTest" name="checkBoxChecked_CLick_Should_Unchecked_Checkbox" time="0.0">
    <ignored/>
  </testcase> <!-- checkBoxChecked_CLick_Should_Unchecked_Checkbox -->
  <testcase classname="TestComponents.BasicTests.CheckboxDemoTest" name="checkBox_DoubleCLick_Should_Hide_Message" time="0.0">
    <ignored/>
  </testcase> <!-- checkBox_DoubleCLick_Should_Hide_Message -->
  <testcase classname="TestComponents.BasicTests.CheckboxDemoTest" name="multipleCheckBox_Click_UncheckAll_Should_Change_Button_Name_And_UncheckAll" time="0.0">
    <ignored/>
  </testcase> <!-- multipleCheckBox_Click_UncheckAll_Should_Change_Button_Name_And_UncheckAll -->
  <testcase classname="TestComponents.BasicTests.RadioButtonsDemoTest" name="radioButton_ButtonClick_Should_Show_Message" time="0.0">
    <ignored/>
  </testcase> <!-- radioButton_ButtonClick_Should_Show_Message -->
  <testcase classname="TestComponents.BasicTests.BoostrapAlertsTest" name="boostrapAlert_Click_Danger_Should_Show_Message_And_Disappear" time="0.0">
    <ignored/>
  </testcase> <!-- boostrapAlert_Click_Danger_Should_Show_Message_And_Disappear -->
  <testcase classname="TestComponents.BasicTests.CheckboxDemoTest" name="checkBoxChecked_DoubleCLick_Should_Check_Checkbox" time="0.0">
    <ignored/>
  </testcase> <!-- checkBoxChecked_DoubleCLick_Should_Check_Checkbox -->
  <testcase classname="TestComponents.BasicTests.SimpleFormDemoTest" name="doubleInput_Enter_Single_Text_Should_Show_Error" time="0.0">
    <ignored/>
  </testcase> <!-- doubleInput_Enter_Single_Text_Should_Show_Error -->
  <testcase classname="TestComponents.BasicTests.RadioButtonsDemoTest" name="groupRadioButton_ClickBoth_Should_Show_Message" time="0.0">
    <ignored/>
  </testcase> <!-- groupRadioButton_ClickBoth_Should_Show_Message -->
  <testcase classname="TestComponents.BasicTests.SimpleFormDemoTest" name="singelInput_Not_Entering_Any_Data_Should_Show_No_Message" time="0.0">
    <ignored/>
  </testcase> <!-- singelInput_Not_Entering_Any_Data_Should_Show_No_Message -->
  <testcase classname="TestComponents.BasicTests.BoostrapAlertsTest" name="boostrapAlert_Click_Warning_Should_Show_Message" time="0.0">
    <ignored/>
  </testcase> <!-- boostrapAlert_Click_Warning_Should_Show_Message -->
  <testcase classname="TestComponents.BasicTests.CheckboxDemoTest" name="checkBox_CLick_Should_Show_Message" time="0.0">
    <ignored/>
  </testcase> <!-- checkBox_CLick_Should_Show_Message -->
  <testcase classname="TestComponents.BasicTests.JavaScriptAlertsTest" name="confirmBox_Click_Should_Show_ConfirmMessage_And_Dismiss" time="0.0">
    <ignored/>
  </testcase> <!-- confirmBox_Click_Should_Show_ConfirmMessage_And_Dismiss -->
  <testcase classname="TestComponents.BasicTests.JavaScriptAlertsTest" name="confirmBox_Click_Should_Show_ConfirmMessage_And_Accept" time="0.0">
    <ignored/>
  </testcase> <!-- confirmBox_Click_Should_Show_ConfirmMessage_And_Accept -->
</testsuite> <!-- Smoke -->
