<?xml version="1.0" encoding="UTF-8"?>
<!-- Generated by org.testng.reporters.JUnitXMLReporter -->
<testsuite ignored="0" hostname="DESKTOP-HU880DN" failures="0" tests="3" name="test" time="80.225" errors="0" timestamp="2023-09-30T21:05:18 CEST">
  <testcase classname="TestComponents.BasicTests.SelectDropdownListDemoTest" name="multiSelect_SelectAllValues_Should_Show_All_Message" time="6.126">
    <skipped/>
  </testcase> <!-- multiSelect_SelectAllValues_Should_Show_All_Message -->
  <testcase classname="TestComponents.BasicTests.SelectDropdownListDemoTest" name="multiSelect_Status_Should_Multiple" time="1.561"/>
  <testcase classname="TestComponents.BasicTests.SelectDropdownListDemoTest" name="select_SelectValue_Should_Show_Message" time="2.34"/>
</testsuite> <!-- test -->
