<?xml version="1.0" encoding="UTF-8"?>
<!-- Generated by org.testng.reporters.JUnitXMLReporter -->
<testsuite ignored="7" hostname="DESKTOP-HU880DN" failures="0" tests="1" name="test" time="82.803" errors="0" timestamp="2023-10-13T14:06:01 CEST">
  <testcase classname="TestComponents.BasicTests.BoostrapAlertsTest" name="boostrapAlert_Click_Success_Should_Show_Message" time="5.173"/>
  <testcase classname="TestComponents.BasicTests.BoostrapAlertsTest" name="boostrapAlert_Click_AutoWarning_Should_Show_Message_And_Disappear" time="0.0">
    <ignored/>
  </testcase> <!-- boostrapAlert_Click_AutoWarning_Should_Show_Message_And_Disappear -->
  <testcase classname="TestComponents.BasicTests.BoostrapAlertsTest" name="boostrapAlert_Click_Info_Should_Show_Message" time="0.0">
    <ignored/>
  </testcase> <!-- boostrapAlert_Click_Info_Should_Show_Message -->
  <testcase classname="TestComponents.BasicTests.BoostrapAlertsTest" name="boostrapAlert_Click_AutoSuccess_Should_Show_Message_And_Disappear" time="0.0">
    <ignored/>
  </testcase> <!-- boostrapAlert_Click_AutoSuccess_Should_Show_Message_And_Disappear -->
  <testcase classname="TestComponents.BasicTests.BoostrapAlertsTest" name="boostrapAlert_Click_Warning_Should_Show_Message" time="0.0">
    <ignored/>
  </testcase> <!-- boostrapAlert_Click_Warning_Should_Show_Message -->
  <testcase classname="TestComponents.BasicTests.BoostrapAlertsTest" name="boostrapAlert_Click_AutoDanger_Should_Show_Message_And_Disappear" time="0.0">
    <ignored/>
  </testcase> <!-- boostrapAlert_Click_AutoDanger_Should_Show_Message_And_Disappear -->
  <testcase classname="TestComponents.BasicTests.BoostrapAlertsTest" name="boostrapAlert_Click_Danger_Should_Show_Message_And_Disappear" time="0.0">
    <ignored/>
  </testcase> <!-- boostrapAlert_Click_Danger_Should_Show_Message_And_Disappear -->
  <testcase classname="TestComponents.BasicTests.BoostrapAlertsTest" name="boostrapAlert_Click_AutoInfo_Should_Show_Message_And_Disappear" time="0.0">
    <ignored/>
  </testcase> <!-- boostrapAlert_Click_AutoInfo_Should_Show_Message_And_Disappear -->
</testsuite> <!-- test -->
