<?xml version="1.0" encoding="UTF-8"?>
<!-- Generated by org.testng.reporters.JUnitXMLReporter -->
<testsuite ignored="1" hostname="DESKTOP-HU880DN" failures="0" tests="4" name="test" time="61.591" errors="0" timestamp="2023-10-05T21:07:06 CEST">
  <testcase classname="TestComponents.BasicTests.SimpleFormDemoTest" name="singleInput_Enter_Data_Should_Show_Message" time="2.185"/>
  <testcase classname="TestComponents.BasicTests.SimpleFormDemoTest" name="singleInput_Enter_Data_Should_Show_Message" time="2.087"/>
  <testcase classname="TestComponents.BasicTests.SimpleFormDemoTest" name="singleInput_Enter_Data_Should_Show_Message" time="1.965"/>
  <testcase classname="TestComponents.BasicTests.SimpleFormDemoTest" name="singleInput_Enter_Data_Should_Show_Message" time="1.384"/>
  <testcase classname="TestComponents.BasicTests.SimpleFormDemoTest" name="doubleInput_Enter_Data_Should_Show_Message" time="0.0">
    <ignored/>
  </testcase> <!-- doubleInput_Enter_Data_Should_Show_Message -->
</testsuite> <!-- test -->
